TN:
SF:app.js
FNF:0
FNH:0
DA:1,1
DA:2,1
DA:3,1
DA:5,1
DA:7,1
DA:8,1
DA:10,1
DA:11,1
DA:13,1
DA:15,1
DA:17,1
LF:11
LH:11
BRF:0
BRH:0
end_of_record
TN:
SF:models\marks.js
FNF:0
FNH:0
DA:1,1
DA:3,1
DA:11,1
LF:3
LH:3
BRF:0
BRH:0
end_of_record
TN:
SF:routes\marksRoutes.js
FN:8,(anonymous_0)
FN:21,(anonymous_1)
FN:34,(anonymous_2)
FN:46,(anonymous_3)
FN:65,(anonymous_4)
FNF:5
FNH:4
FNDA:1,(anonymous_0)
FNDA:1,(anonymous_1)
FNDA:0,(anonymous_2)
FNDA:2,(anonymous_3)
FNDA:2,(anonymous_4)
DA:1,1
DA:2,1
DA:3,1
DA:8,1
DA:9,1
DA:10,1
DA:11,1
DA:12,1
DA:14,0
DA:21,1
DA:22,1
DA:23,1
DA:24,1
DA:26,0
DA:34,1
DA:35,0
DA:36,0
DA:37,0
DA:39,0
DA:46,1
DA:47,2
DA:48,2
DA:49,2
DA:51,1
DA:56,1
DA:58,0
DA:65,1
DA:66,2
DA:67,2
DA:68,2
DA:70,1
DA:71,1
DA:73,0
DA:77,1
LF:34
LH:26
BRDA:49,0,0,1
BRDA:49,0,1,1
BRDA:56,1,0,1
BRDA:56,1,1,0
BRDA:68,2,0,1
BRDA:68,2,1,1
BRDA:71,3,0,1
BRDA:71,3,1,0
BRF:8
BRH:6
end_of_record
